{
  message: 'Database Connected ',
  level: 'info',
  label: 'UM!',
  timestamp: '2023-06-22T12:01:02.334Z'
}
{
  message: 'Example server listening on port 5000',
  level: 'info',
  label: 'UM!',
  timestamp: '2023-06-22T12:01:02.341Z'
}
{
  message: 'Database Connected ',
  level: 'info',
  label: 'UM!',
  timestamp: '2023-06-22T12:11:44.992Z'
}
{
  message: 'Example server listening on port 5000',
  level: 'info',
  label: 'UM!',
  timestamp: '2023-06-22T12:11:44.999Z'
}
{
  message: 'Database Connected ',
  level: 'info',
  label: 'UM!',
  timestamp: '2023-06-22T12:12:19.922Z'
}
{
  message: 'Example server listening on port 5000',
  level: 'info',
  label: 'UM!',
  timestamp: '2023-06-22T12:12:19.931Z'
}
{
  message: 'Database Connected ',
  level: 'info',
  label: 'UM!',
  timestamp: '2023-06-22T12:13:29.163Z'
}
{
  message: 'Example server listening on port 5000',
  level: 'info',
  label: 'UM!',
  timestamp: '2023-06-22T12:13:29.170Z'
}
{
  message: 'Database Connected ',
  level: 'info',
  label: 'UM!',
  timestamp: '2023-06-22T12:18:14.170Z'
}
{
  message: 'Example server listening on port 5000',
  level: 'info',
  label: 'UM!',
  timestamp: '2023-06-22T12:18:14.177Z'
}
{
  message: 'Database Connected ',
  level: 'info',
  label: 'UM!',
  timestamp: '2023-06-22T12:19:09.905Z'
}
{
  message: 'Example server listening on port 5000',
  level: 'info',
  label: 'UM!',
  timestamp: '2023-06-22T12:19:09.911Z'
}
{
  message: 'Database Connected ',
  level: 'info',
  label: 'UM!',
  timestamp: '2023-06-22T12:20:22.454Z'
}
{
  message: 'Example server listening on port 5000',
  level: 'info',
  label: 'UM!',
  timestamp: '2023-06-22T12:20:22.461Z'
}
