{
  message: 'Database Connected ',
  level: 'info',
  label: 'UM!',
  timestamp: '2023-06-08T10:00:42.838Z'
}
{
  message: 'Example server listening on port 5000',
  level: 'info',
  label: 'UM!',
  timestamp: '2023-06-08T10:00:42.844Z'
}
{
  message: 'Database Connected ',
  level: 'info',
  label: 'UM!',
  timestamp: '2023-06-08T10:00:50.047Z'
}
{
  message: 'Example server listening on port 5000',
  level: 'info',
  label: 'UM!',
  timestamp: '2023-06-08T10:00:50.053Z'
}
{
  message: 'Database Connected ',
  level: 'info',
  label: 'UM!',
  timestamp: '2023-06-08T10:02:04.858Z'
}
{
  message: 'Example server listening on port 5000',
  level: 'info',
  label: 'UM!',
  timestamp: '2023-06-08T10:02:04.863Z'
}
