{
  message: 'Database Connected ',
  level: 'info',
  label: 'right meow!',
  timestamp: '2023-06-05T10:55:13.910Z'
}
{
  message: 'Example server listening on port 5000',
  level: 'info',
  label: 'right meow!',
  timestamp: '2023-06-05T10:55:13.920Z'
}
{
  message: 'Database Connected ',
  level: 'info',
  label: 'right meow!',
  timestamp: '2023-06-05T10:56:30.722Z'
}
{
  message: 'Example server listening on port 5000',
  level: 'info',
  label: 'right meow!',
  timestamp: '2023-06-05T10:56:30.729Z'
}
