{
  message: 'Database Connected ',
  level: 'info',
  label: 'UM!',
  timestamp: '2023-06-08T18:24:16.135Z'
}
{
  message: 'Example server listening on port 5000',
  level: 'info',
  label: 'UM!',
  timestamp: '2023-06-08T18:24:16.142Z'
}
{
  message: 'Database Connected ',
  level: 'info',
  label: 'UM!',
  timestamp: '2023-06-08T18:27:11.971Z'
}
{
  message: 'Example server listening on port 5000',
  level: 'info',
  label: 'UM!',
  timestamp: '2023-06-08T18:27:11.977Z'
}
{
  message: 'Database Connected ',
  level: 'info',
  label: 'UM!',
  timestamp: '2023-06-08T18:27:38.194Z'
}
{
  message: 'Example server listening on port 5000',
  level: 'info',
  label: 'UM!',
  timestamp: '2023-06-08T18:27:38.201Z'
}
{
  message: 'Database Connected ',
  level: 'info',
  label: 'UM!',
  timestamp: '2023-06-08T18:27:48.841Z'
}
{
  message: 'Example server listening on port 5000',
  level: 'info',
  label: 'UM!',
  timestamp: '2023-06-08T18:27:48.852Z'
}
{
  message: 'Database Connected ',
  level: 'info',
  label: 'UM!',
  timestamp: '2023-06-08T18:28:04.548Z'
}
{
  message: 'Example server listening on port 5000',
  level: 'info',
  label: 'UM!',
  timestamp: '2023-06-08T18:28:04.557Z'
}
{
  message: 'Database Connected ',
  level: 'info',
  label: 'UM!',
  timestamp: '2023-06-08T18:28:29.566Z'
}
{
  message: 'Example server listening on port 5000',
  level: 'info',
  label: 'UM!',
  timestamp: '2023-06-08T18:28:29.574Z'
}
{
  message: 'Database Connected ',
  level: 'info',
  label: 'UM!',
  timestamp: '2023-06-08T18:28:41.114Z'
}
{
  message: 'Example server listening on port 5000',
  level: 'info',
  label: 'UM!',
  timestamp: '2023-06-08T18:28:41.122Z'
}
{
  message: 'Database Connected ',
  level: 'info',
  label: 'UM!',
  timestamp: '2023-06-08T18:29:33.639Z'
}
{
  message: 'Example server listening on port 5000',
  level: 'info',
  label: 'UM!',
  timestamp: '2023-06-08T18:29:33.645Z'
}
{
  message: 'Database Connected ',
  level: 'info',
  label: 'UM!',
  timestamp: '2023-06-08T18:30:37.719Z'
}
{
  message: 'Example server listening on port 5000',
  level: 'info',
  label: 'UM!',
  timestamp: '2023-06-08T18:30:37.726Z'
}
{
  message: 'Database Connected ',
  level: 'info',
  label: 'UM!',
  timestamp: '2023-06-08T18:33:20.806Z'
}
{
  message: 'Example server listening on port 5000',
  level: 'info',
  label: 'UM!',
  timestamp: '2023-06-08T18:33:20.813Z'
}
