{
  message: 'Database Connected ',
  level: 'info',
  label: 'UM!',
  timestamp: '2023-06-07T15:02:43.449Z'
}
{
  message: 'Example server listening on port 5000',
  level: 'info',
  label: 'UM!',
  timestamp: '2023-06-07T15:02:43.454Z'
}
{
  message: 'Database Connected ',
  level: 'info',
  label: 'UM!',
  timestamp: '2023-06-07T15:03:23.369Z'
}
{
  message: 'Example server listening on port 5000',
  level: 'info',
  label: 'UM!',
  timestamp: '2023-06-07T15:03:23.375Z'
}
{
  message: 'Database Connected ',
  level: 'info',
  label: 'UM!',
  timestamp: '2023-06-07T15:03:51.225Z'
}
{
  message: 'Example server listening on port 5000',
  level: 'info',
  label: 'UM!',
  timestamp: '2023-06-07T15:03:51.231Z'
}
{
  message: 'Database Connected ',
  level: 'info',
  label: 'UM!',
  timestamp: '2023-06-07T15:04:12.071Z'
}
{
  message: 'Example server listening on port 5000',
  level: 'info',
  label: 'UM!',
  timestamp: '2023-06-07T15:04:12.077Z'
}
{
  message: 'Database Connected ',
  level: 'info',
  label: 'UM!',
  timestamp: '2023-06-07T15:05:30.488Z'
}
{
  message: 'Example server listening on port 5000',
  level: 'info',
  label: 'UM!',
  timestamp: '2023-06-07T15:05:30.494Z'
}
{
  message: 'Database Connected ',
  level: 'info',
  label: 'UM!',
  timestamp: '2023-06-07T15:05:35.838Z'
}
{
  message: 'Example server listening on port 5000',
  level: 'info',
  label: 'UM!',
  timestamp: '2023-06-07T15:05:35.845Z'
}
{
  message: 'Database Connected ',
  level: 'info',
  label: 'UM!',
  timestamp: '2023-06-07T15:06:51.711Z'
}
{
  message: 'Example server listening on port 5000',
  level: 'info',
  label: 'UM!',
  timestamp: '2023-06-07T15:06:51.716Z'
}
{
  message: 'Database Connected ',
  level: 'info',
  label: 'UM!',
  timestamp: '2023-06-07T15:07:08.297Z'
}
{
  message: 'Example server listening on port 5000',
  level: 'info',
  label: 'UM!',
  timestamp: '2023-06-07T15:07:08.304Z'
}
{
  message: 'Database Connected ',
  level: 'info',
  label: 'UM!',
  timestamp: '2023-06-07T15:07:58.434Z'
}
{
  message: 'Example server listening on port 5000',
  level: 'info',
  label: 'UM!',
  timestamp: '2023-06-07T15:07:58.440Z'
}
{
  message: 'Database Connected ',
  level: 'info',
  label: 'UM!',
  timestamp: '2023-06-07T15:08:14.569Z'
}
{
  message: 'Example server listening on port 5000',
  level: 'info',
  label: 'UM!',
  timestamp: '2023-06-07T15:08:14.574Z'
}
