{
  message: 'Fail to database connect ',
  level: 'error',
  label: 'UM!',
  timestamp: '2023-06-14T15:10:36.226Z'
}
{
  message: 'Fail to database connect ',
  level: 'error',
  label: 'UM!',
  timestamp: '2023-06-14T15:13:00.908Z'
}
{
  message: 'Fail to database connect ',
  level: 'error',
  label: 'UM!',
  timestamp: '2023-06-14T15:14:06.648Z'
}
{
  message: 'Fail to database connect ',
  level: 'error',
  label: 'UM!',
  timestamp: '2023-06-14T15:20:35.506Z'
}
{
  message: 'Fail to database connect ',
  level: 'error',
  label: 'UM!',
  timestamp: '2023-06-14T15:20:41.947Z'
}
